#                                                                                                                        --- full sequence --- -------------- this domain -------------   hmm coord   ali coord   env coord
# target name                                    accession   tlen query name                           accession   qlen   E-value  score  bias   #  of  c-Evalue  i-Evalue  score  bias  from    to  from    to  from    to  acc description of target
#                            ------------------- ---------- -----                 -------------------- ---------- ----- --------- ------ ----- --- --- --------- --------- ------ ----- ----- ----- ----- ----- ----- ----- ---- ---------------------
2c_Phytophthora_multivesiculata_AF266790         -            803 Phytophora_ITS_database_v0.001.fasta -            201   5.1e-51  166.9   6.2   1   1   1.1e-50   1.1e-50  165.8   0.0     1   201     1   210     1   210 0.87 -
6_Phytophthora_litoralis_HQ012948                -            816 Phytophora_ITS_database_v0.001.fasta -            201   2.2e-50  164.9   4.2   1   1   1.7e-49   1.7e-49  162.0   0.0     1   201     1   212     1   212 0.90 -
1_Phytophthora_pseudotsugae_AF266774             -            792 Phytophora_ITS_database_v0.001.fasta -            201   3.1e-50  164.4   4.1   1   1   4.6e-50   4.6e-50  163.8   0.0     1   201     1   204     1   204 0.94 -
1_Phytophthora_cactorum_AF266772                 -            792 Phytophora_ITS_database_v0.001.fasta -            201   3.2e-50  164.3   4.8   1   1   5.6e-50   5.6e-50  163.6   0.0     1   201     1   204     1   204 0.95 -
6_Phytophthora_bilorbang_JQ256377                -            816 Phytophora_ITS_database_v0.001.fasta -            201   6.9e-50  163.3   5.0   1   1   4.7e-49   4.7e-49  160.5   0.0     1   201     1   212     1   212 0.89 -
1_Phytophthora_idaei_AF266773                    -            792 Phytophora_ITS_database_v0.001.fasta -            201   7.6e-50  163.1   0.0   1   1   7.6e-50   7.6e-50  163.1   0.0     1   201     1   204     1   204 0.95 -
1_Phytophthora_X_serendipita_JX276054            -            812 Phytophora_ITS_database_v0.001.fasta -            201   8.9e-50  162.9   4.9   1   1   1.7e-49   1.7e-49  162.0   0.0     1   201     1   204     1   204 0.95 -
1_Phytophthora_hedraiandra_AY707987              -            792 Phytophora_ITS_database_v0.001.fasta -            201   1.1e-49  162.6   5.1   1   1   1.6e-49   1.6e-49  162.1   0.0     1   201     1   204     1   204 0.95 -
6_Phytophthora_taxon_paludosa_HQ012953           -            817 Phytophora_ITS_database_v0.001.fasta -            201   1.1e-49  162.6   4.6   1   1   2.6e-48   2.6e-48  158.1   0.0     1   201     1   211     1   211 0.89 -
2c_Phytophthora_taxon_aquatilis_FJ666126         -            804 Phytophora_ITS_database_v0.001.fasta -            201   1.6e-49  162.1   5.1   1   1   3.9e-49   3.9e-49  160.8   0.0     1   201     1   211     1   211 0.87 -
4_Phytophthora_sp_Pecan_GU997621                 -            788 Phytophora_ITS_database_v0.001.fasta -            201   1.8e-49  161.9   7.6   1   1   8.1e-49   8.1e-49  159.8   0.0     1   201     1   200     1   200 0.95 -
4_Phytophthora_quercetorum_EF539174              -            850 Phytophora_ITS_database_v0.001.fasta -            201   2.1e-49  161.7   5.8   1   1   4.3e-49   4.3e-49  160.7   0.0     1   201    18   217    18   217 0.95 -
5_Phytophthora_agathidicida_KP295308             -            808 Phytophora_ITS_database_v0.001.fasta -            201   2.8e-49  161.3   4.7   1   1     3e-49     3e-49  161.2   0.0     1   201     6   207     6   207 0.96 -
6_Phytophthora_asparagi_EF185089                 -            818 Phytophora_ITS_database_v0.001.fasta -            201   3.8e-49  160.9   7.6   1   1   7.2e-49   7.2e-49  160.0   0.0     1   201     1   213     1   213 0.89 -
4_Phytophthora_litchii_GU111615                  -            892 Phytophora_ITS_database_v0.001.fasta -            201   3.8e-49  160.9   4.8   1   1   4.2e-48   4.2e-48  157.4   0.0     1   201    45   244    45   244 0.95 -
5_Phytophthora_cocois_KP295304                   -            808 Phytophora_ITS_database_v0.001.fasta -            201   5.7e-49  160.3   4.3   1   1   6.1e-49   6.1e-49  160.2   0.0     1   201     6   207     6   207 0.96 -
3_Phytophthora_pseudosyringae_AY230190           -            789 Phytophora_ITS_database_v0.001.fasta -            201   1.3e-48  159.2   3.7   1   1     2e-47     2e-47  155.2   0.0     1   201     1   194     1   194 0.93 -
2_Phytophthora_elongata_JX113301                 -            806 Phytophora_ITS_database_v0.001.fasta -            201   1.3e-48  159.1   0.0   1   1   1.3e-48   1.3e-48  159.1   0.0     1   201     1   212     1   212 0.88 -
6_Phytophthora_crassamura_KP863493               -            813 Phytophora_ITS_database_v0.001.fasta -            201   1.7e-48  158.8   6.9   1   1   3.1e-48   3.1e-48  157.9   0.0     1   201     1   213     1   213 0.89 -
4_Phytophthora_megakarya_AF266782                -            783 Phytophora_ITS_database_v0.001.fasta -            201   1.8e-48  158.6   3.9   1   1   1.6e-47   1.6e-47  155.6   0.0     1   201     1   199     1   199 0.94 -
6_Phytophthora_moyootj_KJ372256                  -            818 Phytophora_ITS_database_v0.001.fasta -            201   2.4e-48  158.3   6.9   1   1   2.9e-48   2.9e-48  158.0   0.0     1   201     1   214     1   214 0.89 -
4_Phytophthora_alticola_HQ013214                 -            788 Phytophora_ITS_database_v0.001.fasta -            201   2.7e-48  158.1   6.1   1   1   5.6e-48   5.6e-48  157.0   0.0     1   201     1   200     1   200 0.95 -
6_Phytophthora_thermophila_EU301152              -            818 Phytophora_ITS_database_v0.001.fasta -            201   2.9e-48  158.0   4.5   1   1   2.9e-47   2.9e-47  154.7   0.0     1   201     1   214     1   214 0.89 -
6_Phytophthora_riparia_HM004225                  -           1193 Phytophora_ITS_database_v0.001.fasta -            201   3.4e-48  157.8   6.8   1   1   5.6e-48   5.6e-48  157.1   0.0     1   201   378   590   378   590 0.88 -
3_Phytophthora_psychrophila_AF449494             -            818 Phytophora_ITS_database_v0.001.fasta -            201   3.4e-48  157.8   2.8   1   1   3.3e-47   3.3e-47  154.5   0.0     1   201    27   221    27   221 0.92 -
4_Phytophthora_boodjera_KJ372244                 -            788 Phytophora_ITS_database_v0.001.fasta -            201   3.4e-48  157.7   5.0   1   1   1.3e-47   1.3e-47  155.8   0.0     1   201     1   200     1   200 0.95 -
1b_Phytophthora_tentaculata_AF266775             -            792 Phytophora_ITS_database_v0.001.fasta -            201   3.9e-48  157.6   3.1   1   1     8e-48     8e-48  156.6   0.0     1   201     1   202     1   202 0.93 -
6_Phytophthora_megasperma_AF541899               -            813 Phytophora_ITS_database_v0.001.fasta -            201   3.9e-48  157.6   0.0   1   1   3.9e-48   3.9e-48  157.6   0.0     1   201     1   213     1   213 0.88 -
6_Phytophthora_mississippiae_KF112852            -            818 Phytophora_ITS_database_v0.001.fasta -            201   5.6e-48  157.1   5.3   1   1   2.9e-47   2.9e-47  154.7   0.0     1   201     1   214     1   214 0.88 -
5_Phytophthora_castaneae_HQ643255                -            797 Phytophora_ITS_database_v0.001.fasta -            201   6.2e-48  156.9   0.0   1   1   6.2e-48   6.2e-48  156.9   0.0     1   201     1   203     1   203 0.95 -
1_Phytophthora_phaseoli_AF266778                 -            795 Phytophora_ITS_database_v0.001.fasta -            201   7.3e-48  156.7   3.7   1   1   1.6e-47   1.6e-47  155.5   0.0     1   201     1   207     1   207 0.93 -
3_Phytophthora_nemorosa_AY332654                 -            821 Phytophora_ITS_database_v0.001.fasta -            201   8.4e-48  156.5   3.0   1   1   1.1e-46   1.1e-46  152.9   0.0     1   201    31   224    31   224 0.93 -
6_Phytophthora_lacustris_AF266793                -            817 Phytophora_ITS_database_v0.001.fasta -            201     1e-47  156.2   6.5   1   1   1.4e-47   1.4e-47  155.8   0.0     1   201     1   214     1   214 0.87 -
6_Phytophthora_gonapodyides_H_14_JF912516        -            819 Phytophora_ITS_database_v0.001.fasta -            201   1.1e-47  156.1   7.2   1   1   1.8e-47   1.8e-47  155.4   0.0     1   201     1   214     1   214 0.88 -
1c_Phytophthora_andina_AY770741                  -            813 Phytophora_ITS_database_v0.001.fasta -            201   1.3e-47  155.8   3.1   1   1   5.3e-47   5.3e-47  153.9   0.0     1   201     1   207     1   207 0.93 -
6_Phytophthora_megasperma_AF541895               -            813 Phytophora_ITS_database_v0.001.fasta -            201   1.3e-47  155.8   8.3   1   1   1.5e-47   1.5e-47  155.7   0.0     1   201     1   213     1   213 0.89 -
6b_Phytophthora_X_stagnum_KJ705084               -            816 Phytophora_ITS_database_v0.001.fasta -            201   1.5e-47  155.7   5.0   1   1   1.1e-46   1.1e-46  152.8   0.0     1   201     1   212     1   212 0.86 -
1_Phytophthora_ipomoeae_KF777191                 -            891 Phytophora_ITS_database_v0.001.fasta -            201   1.7e-47  155.5   2.9   1   1   6.2e-47   6.2e-47  153.7   0.0     1   201    12   218    12   218 0.93 -
7_Phytophthora_flexuosa_KU517152                 -            831 Phytophora_ITS_database_v0.001.fasta -            201   1.8e-47  155.4   0.0   1   1   1.8e-47   1.8e-47  155.4   0.0     1   201     1   219     1   219 0.86 -
6b_Phytophthora_X_stagnum_KJ705085               -            816 Phytophora_ITS_database_v0.001.fasta -            201   1.8e-47  155.4   5.5   1   1   9.7e-47   9.7e-47  153.0   0.0     1   201     1   212     1   212 0.86 -
6_Phytophthora_borealis_HM004232                 -           1194 Phytophora_ITS_database_v0.001.fasta -            201   1.8e-47  155.4   0.0   1   1   1.8e-47   1.8e-47  155.4   0.0     1   201   378   590   378   590 0.88 -
4_Phytophthora_arenaria_HQ013219                 -            788 Phytophora_ITS_database_v0.001.fasta -            201   1.8e-47  155.4   5.8   1   1   5.3e-47   5.3e-47  153.9   0.0     1   201     1   200     1   200 0.95 -
7a_Phytophthora_europaea_AF449493                -            859 Phytophora_ITS_database_v0.001.fasta -            201   1.9e-47  155.4   0.0   1   1   1.9e-47   1.9e-47  155.4   0.0     1   201    27   245    27   245 0.86 -
1_Phytophthora_infestans_EU216567                -            856 Phytophora_ITS_database_v0.001.fasta -            201   1.9e-47  155.3   3.3   1   1   5.8e-47   5.8e-47  153.8   0.0     1   201    31   237    31   237 0.93 -
7a_Phytophthora_cambivora_KU681015               -            831 Phytophora_ITS_database_v0.001.fasta -            201   1.9e-47  155.3   6.0   1   1   8.6e-47   8.6e-47  153.2   0.0     1   201     1   219     1   219 0.86 -
6_Phytophthora_gibbosa_HQ012933                  -            820 Phytophora_ITS_database_v0.001.fasta -            201   1.9e-47  155.3   0.0   1   1   1.9e-47   1.9e-47  155.3   0.0     1   201     1   214     1   214 0.88 -
1_Phytophthora_nicotianae_KJ494916               -            891 Phytophora_ITS_database_v0.001.fasta -            201   2.9e-47  154.8   2.6   1   1   7.1e-47   7.1e-47  153.5   0.0     1   201    31   243    31   243 0.91 -
7a_Phytophthora_fragariae_AF266762               -            831 Phytophora_ITS_database_v0.001.fasta -            201   3.1e-47  154.6   6.8   1   1   9.1e-47   9.1e-47  153.1   0.0     1   201     1   219     1   219 0.86 -
_Phytophthora_gonapodyides_voucher_HQ643236      -            819 Phytophora_ITS_database_v0.001.fasta -            201   3.2e-47  154.6   7.1   1   1   5.2e-47   5.2e-47  153.9   0.0     1   201     1   214     1   214 0.88 -
6_Phytophthora_fluvialis_JF701436                -            819 Phytophora_ITS_database_v0.001.fasta -            201   4.8e-47  154.0   5.2   1   1   2.6e-46   2.6e-46  151.6   0.0     1   201     1   215     1   215 0.88 -
7_Phytophthora_formosa_KU517153                  -            831 Phytophora_ITS_database_v0.001.fasta -            201   5.2e-47  153.9   0.0   1   1   5.2e-47   5.2e-47  153.9   0.0     1   201     1   219     1   219 0.86 -
3_Phytophthora_pluvialis_KC529657                -           1168 Phytophora_ITS_database_v0.001.fasta -            201   5.6e-47  153.8   5.1   1   1   1.2e-46   1.2e-46  152.7   0.0     1   201   378   571   378   571 0.93 -
7a_Phytophthora_alni_subsp._multiformis_AF139368 -            831 Phytophora_ITS_database_v0.001.fasta -            201   5.7e-47  153.8   6.5   1   1   1.9e-46   1.9e-46  152.1   0.0     1   201     1   219     1   219 0.86 -
6_Phytophthora_ornamentata_KP863496              -            819 Phytophora_ITS_database_v0.001.fasta -            201   5.7e-47  153.8   0.0   1   1   5.7e-47   5.7e-47  153.8   0.0     1   201     1   215     1   215 0.87 -
7a_Phytophthora_alni_subsp._uniformis_AF139367   -            831 Phytophora_ITS_database_v0.001.fasta -            201   6.9e-47  153.5   5.9   1   1   2.6e-46   2.6e-46  151.7   0.0     1   201     1   219     1   219 0.86 -
7_Phytophthora_intricata_KU517155                -            830 Phytophora_ITS_database_v0.001.fasta -            201   8.2e-47  153.3   0.0   1   1   8.2e-47   8.2e-47  153.3   0.0     1   201     1   218     1   218 0.87 -
7a_Phytophthora_rubi_AF266761                    -            832 Phytophora_ITS_database_v0.001.fasta -            201   8.3e-47  153.3   8.1   1   1   9.1e-47   9.1e-47  153.1   0.0     1   201     1   219     1   219 0.86 -
7a_Phytophthora_cambivora_KU899159               -            831 Phytophora_ITS_database_v0.001.fasta -            201   8.6e-47  153.2   0.0   1   1   8.6e-47   8.6e-47  153.2   0.0     1   201     1   219     1   219 0.86 -
7b_Phytophthora_cinnamomi_HQ643194               -            823 Phytophora_ITS_database_v0.001.fasta -            201   9.7e-47  153.0   7.9   1   1   1.7e-46   1.7e-46  152.3   0.0     1   201     1   218     1   218 0.86 -
6_Phytophthora_inundata_AF266791                 -            816 Phytophora_ITS_database_v0.001.fasta -            201     1e-46  153.0   3.1   1   1   9.6e-46   9.6e-46  149.8   0.0     1   201     1   213     1   213 0.88 -
7_Phytophthora_x_cambivora_KU899179              -            831 Phytophora_ITS_database_v0.001.fasta -            201   1.1e-46  152.9   0.0   1   1   1.1e-46   1.1e-46  152.9   0.0     1   201     1   219     1   219 0.86 -
7a_Phytophthora_cambivora_KU899163               -            831 Phytophora_ITS_database_v0.001.fasta -            201   1.1e-46  152.9   0.0   1   1   1.1e-46   1.1e-46  152.9   0.0     1   201     1   219     1   219 0.86 -
7a_Phytophthora_alni_subsp._alni_AF139366        -            831 Phytophora_ITS_database_v0.001.fasta -            201   1.2e-46  152.7   6.1   1   1   3.4e-46   3.4e-46  151.3   0.0     1   201     1   219     1   219 0.86 -
1_Phytophthora_nicotianae_AF266776               -            804 Phytophora_ITS_database_v0.001.fasta -            201   1.2e-46  152.7   2.1   1   1   6.3e-46   6.3e-46  150.4   0.0     1   201     1   215     1   215 0.91 -
4_Phytophthora_palmivora_GU111659                -            902 Phytophora_ITS_database_v0.001.fasta -            201   1.3e-46  152.6   5.0   1   1   2.6e-46   2.6e-46  151.6   0.0     1   201    56   254    56   254 0.94 -
7a_Phytophthora_uliginosa_AF449495               -            860 Phytophora_ITS_database_v0.001.fasta -            201   1.4e-46  152.6   0.0   1   1   1.4e-46   1.4e-46  152.6   0.0     1   201    27   246    27   246 0.85 -
8c_Phytophthora_hibernalis_HQ643240              -            792 Phytophora_ITS_database_v0.001.fasta -            201   1.7e-46  152.2   3.1   1   1   7.1e-46   7.1e-46  150.2   0.0     1   201     1   189     1   189 0.90 -
7_Phytophthora_x_heterohybrida_KU517151          -            831 Phytophora_ITS_database_v0.001.fasta -            201   1.8e-46  152.2   6.2   1   1   8.1e-46   8.1e-46  150.0   0.0     1   201     1   219     1   219 0.86 -
1_Phytophthora_X_pelgrandis_EU660831             -            769 Phytophora_ITS_database_v0.001.fasta -            201     2e-46  152.0   5.2   1   1   3.8e-46   3.8e-46  151.1   0.0     1   201     1   181     1   181 0.93 -
8a_Phytophthora_cryptogea_AY659433               -            797 Phytophora_ITS_database_v0.001.fasta -            201   2.3e-46  151.8   0.0   1   1   2.3e-46   2.3e-46  151.8   0.0     1   201     1   194     1   194 0.85 -
8a_Phytophthora_sansomeana_EU925375              -           1177 Phytophora_ITS_database_v0.001.fasta -            201     3e-46  151.4   0.0   1   1     3e-46     3e-46  151.4   0.0     1   201   378   571   378   571 0.86 -
8a_Phytophthora_pseudocryptogea_KY212008         -            798 Phytophora_ITS_database_v0.001.fasta -            201   3.1e-46  151.4   0.0   1   1   3.1e-46   3.1e-46  151.4   0.0     1   201     1   194     1   194 0.86 -
5_Phytophthora_heveae_HQ643238                   -            775 Phytophora_ITS_database_v0.001.fasta -            201   3.5e-46  151.2   3.9   1   1   7.6e-46   7.6e-46  150.1   0.0     1   201     1   181     1   181 0.94 -
6_Phytophthora_humicola_FJ196747                 -            827 Phytophora_ITS_database_v0.001.fasta -            201     4e-46  151.0   2.6   1   1   6.7e-45   6.7e-45  147.1   0.0     3   201     3   213     2   213 0.88 -
6_Phytophthora_pinifolia_EU725805                -            811 Phytophora_ITS_database_v0.001.fasta -            201     5e-46  150.7   6.1   1   1   7.9e-46   7.9e-46  150.1   0.0     1   201     1   209     1   209 0.88 -
6_Phytophthora_rosacearum_EU925376               -           1202 Phytophora_ITS_database_v0.001.fasta -            201   5.9e-46  150.5   5.4   1   1   1.9e-45   1.9e-45  148.8   0.0     1   201   378   592   378   592 0.86 -
1_Phytophthora_mirabilis_AF266777                -            794 Phytophora_ITS_database_v0.001.fasta -            201   6.3e-46  150.4   3.5   1   1   1.6e-45   1.6e-45  149.1   0.0     1   201     1   206     1   206 0.90 -
6_Phytophthora_gemini_FJ217679                   -            807 Phytophora_ITS_database_v0.001.fasta -            201   8.4e-46  150.0   6.1   1   1   3.4e-45   3.4e-45  148.0   0.0     1   201     1   207     1   207 0.88 -
7_Phytophthora_attenuata_KU517154                -            831 Phytophora_ITS_database_v0.001.fasta -            201   9.8e-46  149.8   0.0   1   1   9.8e-46   9.8e-46  149.8   0.0     1   201     1   219     1   219 0.85 -
6_Phytophthora_amnicola_JQ029956                 -            820 Phytophora_ITS_database_v0.001.fasta -            201     1e-45  149.7   5.9   1   1   1.2e-45   1.2e-45  149.5   0.0     1   201     1   216     1   216 0.85 -
2_Phytophthora_frigida_HQ261569                  -            808 Phytophora_ITS_database_v0.001.fasta -            201   1.1e-45  149.6   0.0   1   1   1.1e-45   1.1e-45  149.6   0.0     1   201     1   213     1   213 0.89 -
6_Phytophthora_gemini_FJ217680                   -            807 Phytophora_ITS_database_v0.001.fasta -            201   1.2e-45  149.5   6.0   1   1   5.1e-45   5.1e-45  147.4   0.0     1   201     1   207     1   207 0.88 -
7_Phytophthora_parvispora_KC478667               -            837 Phytophora_ITS_database_v0.001.fasta -            201   1.2e-45  149.5   4.2   1   1     1e-44     1e-44  146.5   0.0     1   201     1   218     1   218 0.84 -
6_Phytophthora_sp._personii_EU301169             -            816 Phytophora_ITS_database_v0.001.fasta -            201   1.2e-45  149.4   5.9   1   1   4.5e-45   4.5e-45  147.6   0.0     1   201     1   213     1   213 0.88 -
6b_Phytophthora_X_stagnum_KJ705086               -            819 Phytophora_ITS_database_v0.001.fasta -            201   1.6e-45  149.1   7.4   1   1   2.1e-45   2.1e-45  148.7   0.0     1   201     1   215     1   215 0.87 -
8a_Phytophthora_cryptogea_AY659438               -            796 Phytophora_ITS_database_v0.001.fasta -            201   1.7e-45  149.0   0.0   1   1   1.7e-45   1.7e-45  149.0   0.0     1   201     1   193     1   193 0.85 -
8a_Phytophthora_cryptogea_AF266796               -            797 Phytophora_ITS_database_v0.001.fasta -            201   1.7e-45  149.0   0.0   1   1   1.7e-45   1.7e-45  149.0   0.0     1   201     1   193     1   193 0.85 -
6_Phytophthora_chlamydospora_KU647272            -            834 Phytophora_ITS_database_v0.001.fasta -            201   1.8e-45  148.9   7.7   1   1   2.2e-45   2.2e-45  148.6   0.0     1   201     6   220     6   220 0.87 -
11_Phytophthora_quercina_AJ131986                -            804 Phytophora_ITS_database_v0.001.fasta -            201   1.9e-45  148.8   5.4   1   1   7.1e-45   7.1e-45  147.0   0.0     1   201     1   205     1   205 0.85 -
8c_Phytophthora_lateralis_HQ643263               -            798 Phytophora_ITS_database_v0.001.fasta -            201     2e-45  148.8   0.0   1   1     2e-45     2e-45  148.8   0.0     1   201     1   190     1   190 0.90 -
8a_Phytophthora_medicaginis_FJ801480             -            794 Phytophora_ITS_database_v0.001.fasta -            201   2.1e-45  148.7   0.0   1   1   2.1e-45   2.1e-45  148.7   0.0     1   201     1   191     1   191 0.85 -
7_Phytophthora_x_incrassata_KU517156             -            830 Phytophora_ITS_database_v0.001.fasta -            201   2.3e-45  148.6   6.8   1   1   5.7e-45   5.7e-45  147.3   0.0     1   201     1   218     1   218 0.84 -
8a_Phytophthora_cryptogea_AY659421               -            796 Phytophora_ITS_database_v0.001.fasta -            201   2.4e-45  148.5   0.0   1   1   2.4e-45   2.4e-45  148.5   0.0     1   201     1   193     1   193 0.85 -
_Phytophthora_ilicis_voucher_P3939_HQ261583      -            787 Phytophora_ITS_database_v0.001.fasta -            201   2.6e-45  148.4   3.9   1   1   2.2e-44   2.2e-44  145.4   0.0     1   201     1   192     1   192 0.91 -
8a_Phytophthora_trifolii_FJ746644                -            819 Phytophora_ITS_database_v0.001.fasta -            201   3.2e-45  148.1   9.2   1   1   6.6e-45   6.6e-45  147.1   0.0     1   201    10   200    10   200 0.86 -
2_Phytophthora_citricola_sensu_stricto_FJ237526  -            761 Phytophora_ITS_database_v0.001.fasta -            201     5e-45  147.5   6.6   1   1     7e-45     7e-45  147.0   0.0     1   201     1   171     1   171 0.94 -
2_Phytophthora_bisheria_AY241924                 -            804 Phytophora_ITS_database_v0.001.fasta -            201   5.4e-45  147.4   0.0   1   1   5.4e-45   5.4e-45  147.4   0.0     1   201     1   209     1   209 0.86 -
2a_Phytophthora_botryosa_AF266784                -            781 Phytophora_ITS_database_v0.001.fasta -            201     7e-45  147.0   0.0   1   1     7e-45     7e-45  147.0   0.0     1   201     1   181     1   181 0.91 -
2_Phytophthora_pachypleura_KC855330              -            760 Phytophora_ITS_database_v0.001.fasta -            201   7.4e-45  146.9   0.0   1   1   7.4e-45   7.4e-45  146.9   0.0     1   201     1   170     1   170 0.95 -
2_Phytophthora_citricola_E_AF266788              -            760 Phytophora_ITS_database_v0.001.fasta -            201   1.1e-44  146.4   5.6   1   1   4.3e-44   4.3e-44  144.4   0.0     1   201     1   170     1   170 0.95 -
8c_Phytophthora_ramorum_JQ653034                 -            869 Phytophora_ITS_database_v0.001.fasta -            201   1.1e-44  146.3   0.0   1   1   1.1e-44   1.1e-44  146.3   0.0     1   201    33   222    33   222 0.90 -
2_Phytophthora_citrophthora_AF266785             -            782 Phytophora_ITS_database_v0.001.fasta -            201   1.7e-44  145.8   0.0   1   1   1.7e-44   1.7e-44  145.8   0.0     1   201     1   182     1   182 0.90 -
6_Phytophthora_taxon_cyperaceae_KJ372258         -            811 Phytophora_ITS_database_v0.001.fasta -            201   2.2e-44  145.4   6.1   1   1   7.1e-44   7.1e-44  143.7   0.0     1   201     1   210     1   210 0.90 -
2_Phytophthora_acerina_JX951285                  -            761 Phytophora_ITS_database_v0.001.fasta -            201   3.6e-44  144.7   6.5   1   1   4.3e-44   4.3e-44  144.4   0.0     1   201     1   170     1   170 0.95 -
3_Phytophthora_ilicis_AJ131990                   -            786 Phytophora_ITS_database_v0.001.fasta -            201   4.5e-44  144.4   3.2   1   1   5.3e-43   5.3e-43  140.9   0.0     1   201     1   191     1   191 0.91 -
2c_Phytophthora_capensis_GU191231                -            806 Phytophora_ITS_database_v0.001.fasta -            201   5.2e-44  144.2   5.7   1   1   8.2e-44   8.2e-44  143.5   0.0     1   201    11   180    11   180 0.95 -
8d_Phytophthora_obscura_HQ917910                 -            809 Phytophora_ITS_database_v0.001.fasta -            201   5.3e-44  144.1   6.0   1   1   3.1e-43   3.1e-43  141.7   0.0     1   201     1   191     1   191 0.88 -
2_Phytophthora_multivora_FJ237521                -            761 Phytophora_ITS_database_v0.001.fasta -            201   6.2e-44  143.9   5.9   1   1   1.7e-43   1.7e-43  142.5   0.0     1   201     1   171     1   171 0.95 -
2_Phytophthora_colocasiae_JN618819               -            777 Phytophora_ITS_database_v0.001.fasta -            201   7.3e-44  143.7   0.0   1   1   7.3e-44   7.3e-44  143.7   0.0     1   201     1   179     1   179 0.88 -
8a_Phytophthora_erythroseptica_AF266797          -            796 Phytophora_ITS_database_v0.001.fasta -            201   7.5e-44  143.6   0.0   1   1   7.5e-44   7.5e-44  143.6   0.0     1   201     1   192     1   192 0.83 -
1_Phytophthora_clandestina_AJ131989              -            789 Phytophora_ITS_database_v0.001.fasta -            201   7.9e-44  143.6   2.2   1   1   3.4e-43   3.4e-43  141.5   0.0     1   201     1   199     1   199 0.94 -
2_Phytophthora_pini_FJ392322                     -            761 Phytophora_ITS_database_v0.001.fasta -            201   1.1e-43  143.1   6.0   1   1   3.1e-43   3.1e-43  141.6   0.0     1   201     1   171     1   171 0.95 -
8c_Phytophthora_lateralis_AF266804               -            797 Phytophora_ITS_database_v0.001.fasta -            201   1.4e-43  142.8   0.0   1   1   1.4e-43   1.4e-43  142.8   0.0     1   201     1   189     1   189 0.90 -
2a_Phytophthora_terminalis_JX978167              -            782 Phytophora_ITS_database_v0.001.fasta -            201   1.4e-43  142.8   0.0   1   1   1.4e-43   1.4e-43  142.8   0.0     1   201     1   182     1   182 0.91 -
2a_Phytophthora_occultans_JX978155               -            782 Phytophora_ITS_database_v0.001.fasta -            201   1.6e-43  142.6   0.0   1   1   1.6e-43   1.6e-43  142.6   0.0     1   201     1   182     1   182 0.90 -
2a_Phytophthora_meadii_GU993903                  -            779 Phytophora_ITS_database_v0.001.fasta -            201   1.8e-43  142.4   0.0   1   1   1.8e-43   1.8e-43  142.4   0.0     1   201     1   179     1   179 0.87 -
2_Phytophthora_plurivora_FJ665225                -            761 Phytophora_ITS_database_v0.001.fasta -            201   1.8e-43  142.4   0.0   1   1   1.8e-43   1.8e-43  142.4   0.0     1   201     1   171     1   171 0.94 -
8c_Phytophthora_foliorum_EF120469                -            834 Phytophora_ITS_database_v0.001.fasta -            201   4.2e-43  141.2   0.0   1   1   4.2e-43   4.2e-43  141.2   0.0     1   201    21   208    21   208 0.88 -
1_Phytophthora_iranica_AJ131987                  -            791 Phytophora_ITS_database_v0.001.fasta -            201   4.5e-43  141.1   2.4   1   1   1.9e-42   1.9e-42  139.1   0.0     1   201     1   201     1   201 0.92 -
7b_Phytophthora_sojae_KU211412                   -            929 Phytophora_ITS_database_v0.001.fasta -            201   1.2e-42  139.7   0.0   1   1   1.2e-42   1.2e-42  139.7   0.0     1   201    41   259    41   259 0.89 -
11?near                                          -            813 Phytophora_ITS_database_v0.001.fasta -            201   1.3e-42  139.7   4.8   1   1   2.7e-42   2.7e-42  138.6   0.0     1   201     1   205     1   205 0.88 8_Phytophthora_stricta_KF192695
7_Phytophthora_asiatica_AB538397                 -            826 Phytophora_ITS_database_v0.001.fasta -            201   1.4e-42  139.6   7.0   1   1   1.5e-42   1.5e-42  139.4   0.0     1   201     1   219     1   219 0.89 -
7b_Phytophthora_niederhauserii_AY550915          -            826 Phytophora_ITS_database_v0.001.fasta -            201   1.4e-42  139.5   0.0   1   1   1.4e-42   1.4e-42  139.5   0.0     1   201     1   219     1   219 0.88 -
8d_Phytophthora_syringae_KJ755130                -            884 Phytophora_ITS_database_v0.001.fasta -            201   2.8e-42  138.5   2.8   1   1   2.1e-41   2.1e-41  135.7   0.0     1   201    33   225    33   225 0.84 -
8d_Phytophthora_austrocedrae_KU953997            -            815 Phytophora_ITS_database_v0.001.fasta -            201   4.4e-42  137.9   4.3   1   1   1.2e-41   1.2e-41  136.5   0.0     1   201     1   193     1   193 0.84 -
8d_Phytophthora_austrocedrae_KU954009            -            815 Phytophora_ITS_database_v0.001.fasta -            201   5.3e-42  137.6   4.9   1   1   1.2e-41   1.2e-41  136.5   0.0     1   201     1   193     1   193 0.84 -
8d_Phytophthora_austrocedrae_DQ995184            -           1194 Phytophora_ITS_database_v0.001.fasta -            201   1.2e-41  136.6   4.5   1   1   1.2e-41   1.2e-41  136.4   0.0     1   201   378   570   378   570 0.84 -
6_Phytophthora_humicola_HQ643245                 -            799 Phytophora_ITS_database_v0.001.fasta -            201   1.4e-41  136.3   4.3   1   1   4.4e-41   4.4e-41  134.7   0.0    10   201     1   204     1   204 0.88 -
6_Phytophthora_humicola_HQ643244                 -            802 Phytophora_ITS_database_v0.001.fasta -            201   1.4e-41  136.3   4.4   1   1   4.4e-41   4.4e-41  134.7   0.0    10   201     1   204     1   204 0.88 -
6_Phytophthora_taxon_pocumtuck_KP749380          -            796 Phytophora_ITS_database_v0.001.fasta -            201   1.4e-41  136.3   0.0   1   1   1.4e-41   1.4e-41  136.3   0.0    15   201     1   199     1   199 0.88 -
7b_Phytophthora_pistaciae_AF403505               -            826 Phytophora_ITS_database_v0.001.fasta -            201   1.6e-41  136.1   5.8   1   1   2.6e-41   2.6e-41  135.4   0.0     1   201     1   219     1   219 0.88 -
7b_Phytophthora_melonis_AF266767                 -            826 Phytophora_ITS_database_v0.001.fasta -            201   2.8e-41  135.3   0.0   1   1   2.8e-41   2.8e-41  135.3   0.0     1   201     1   219     1   219 0.88 -
2_Phytophthora_tropicalis_FJ801320               -            752 Phytophora_ITS_database_v0.001.fasta -            201   4.1e-41  134.8   0.0   1   1   4.1e-41   4.1e-41  134.8   0.0     1   201     1   160     1   160 0.96 -
8a_Phytophthora_drechsleri_AF266798              -            797 Phytophora_ITS_database_v0.001.fasta -            201   5.5e-41  134.3   0.0   1   1   5.5e-41   5.5e-41  134.3   0.0     1   201     1   192     1   192 0.83 -
7_Phytophthora_pisi_HQ894399                     -            827 Phytophora_ITS_database_v0.001.fasta -            201     7e-41  134.0   0.0   1   1     7e-41     7e-41  134.0   0.0     1   201     1   220     1   220 0.88 -
2_Phytophthora_mengei_EU748545                   -            753 Phytophora_ITS_database_v0.001.fasta -            201   8.1e-41  133.8   0.0   1   1   8.1e-41   8.1e-41  133.8   0.0     1   201     1   160     1   160 0.96 -
2_Phytophthora_mexicana_HQ261620                 -            752 Phytophora_ITS_database_v0.001.fasta -            201   9.6e-41  133.6   8.5   1   1   1.6e-40   1.6e-40  132.9   0.0     1   201     1   160     1   160 0.96 -
2_Phytophthora_siskiyouensis_EF523386            -           1131 Phytophora_ITS_database_v0.001.fasta -            201     2e-40  132.5   0.0   1   1     2e-40     2e-40  132.5   0.0     1   201   378   537   378   537 0.96 -
2_Phytophthora_capsici_AF266787                  -            752 Phytophora_ITS_database_v0.001.fasta -            201   2.3e-40  132.3   8.6   1   1   3.3e-40   3.3e-40  131.8   0.0     1   201     1   160     1   160 0.96 -
2b_Phytophthora_glovera_AF279124                 -            752 Phytophora_ITS_database_v0.001.fasta -            201   3.3e-40  131.8   0.0   1   1   3.3e-40   3.3e-40  131.8   0.0     1   201     1   160     1   160 0.96 -
7b_Phytophthora_cajani_AF266765                  -            826 Phytophora_ITS_database_v0.001.fasta -            201   3.5e-40  131.7   6.2   1   1   4.3e-40   4.3e-40  131.5   0.0     1   201     1   219     1   219 0.87 -
8b_Phytophthora_lactucae_KC478768                -            811 Phytophora_ITS_database_v0.001.fasta -            201   4.4e-40  131.4   6.7   1   1   2.9e-39   2.9e-39  128.8   0.0     1   201     1   190     1   190 0.86 -
7_Phytophthora_pisi_HQ894398                     -            821 Phytophora_ITS_database_v0.001.fasta -            201   7.4e-40  130.7   0.0   1   1   7.4e-40   7.4e-40  130.7   0.0     6   201     1   214     1   214 0.89 -
7_Phytophthora_fragariaefolia_AB305060           -            906 Phytophora_ITS_database_v0.001.fasta -            201   1.2e-39  130.0   3.6   1   1   5.3e-38   5.3e-38  124.7   0.0     1   201    33   256    33   256 0.83 -
2c_Phytophthora_himalsilva_HM752789              -            780 Phytophora_ITS_database_v0.001.fasta -            201   1.4e-39  129.8   0.0   1   1   1.4e-39   1.4e-39  129.8   0.0     1   201     1   180     1   180 0.90 -
7_Phytophthora_nagaii_AB688356                   -            835 Phytophora_ITS_database_v0.001.fasta -            201   1.7e-39  129.5   5.2   1   1   2.7e-38   2.7e-38  125.6   0.0     1   201     1   224     1   224 0.83 -
10_Phytophthora_boehmeriae_FJ801955              -            827 Phytophora_ITS_database_v0.001.fasta -            201   2.3e-39  129.1   3.7   1   1   4.2e-39   4.2e-39  128.3   0.0     1   201     1   193     1   193 0.85 -
8b_Phytophthora_cichorii_KC478773                -            809 Phytophora_ITS_database_v0.001.fasta -            201   2.9e-39  128.8   5.4   1   1   2.6e-38   2.6e-38  125.7   0.0     1   201     1   189     1   189 0.85 -
_Phytophthora_boehmeriae_Voucher_HQ643149        -            826 Phytophora_ITS_database_v0.001.fasta -            201     3e-39  128.7   3.8   1   1     5e-39     5e-39  128.0   0.0     1   201     1   192     1   192 0.85 -
7b_Phytophthora_vignae_AF266766                  -            827 Phytophora_ITS_database_v0.001.fasta -            201   5.9e-39  127.8   6.2   1   1   1.2e-38   1.2e-38  126.7   0.0     1   201     1   220     1   220 0.86 -
7_Phytophthora_fragariaefolia_KX094871           -            840 Phytophora_ITS_database_v0.001.fasta -            201   6.6e-39  127.6   5.6   1   1   7.9e-38   7.9e-38  124.1   0.0     1   201     6   229     6   229 0.83 -
6_Phytophthora_chlamydospora_KU725882            -            708 Phytophora_ITS_database_v0.001.fasta -            201   9.3e-39  127.1   3.0   1   1   2.2e-38   2.2e-38  125.9   0.0    19   201     1   196     1   196 0.87 -
2_Phytophthora_amaranthi_GU111585                -            869 Phytophora_ITS_database_v0.001.fasta -            201   1.2e-38  126.8   8.2   1   1   1.3e-38   1.3e-38  126.7   0.0     1   201    56   216    56   216 0.95 -
8b_Phytophthora_dauci_KC478761                   -            810 Phytophora_ITS_database_v0.001.fasta -            201   2.1e-38  126.0   6.0   1   1   2.6e-37   2.6e-37  122.4   0.0     1   201     1   189     1   189 0.86 -
2_Phytophthora_caryae_KJ631538                   -            746 Phytophora_ITS_database_v0.001.fasta -            201   9.1e-38  123.9   0.1   1   1   9.1e-38   9.1e-38  123.9   0.1    15   201     1   156     1   156 0.95 -
8b_Phytophthora_brassicae_voucher_HQ643156       -            804 Phytophora_ITS_database_v0.001.fasta -            201   3.7e-37  121.9   7.5   1   1   1.3e-36   1.3e-36  120.1   0.0     2   201     1   187     1   187 0.86 -
8b_Phytophthora_brassicae_HQ643158               -            802 Phytophora_ITS_database_v0.001.fasta -            201   3.7e-37  121.9   7.5   1   1   1.3e-36   1.3e-36  120.1   0.0     2   201     1   187     1   187 0.86 -
8b_Phytophthora_brassicae_voucher_HQ643157       -            800 Phytophora_ITS_database_v0.001.fasta -            201   3.9e-37  121.8   7.6   1   1   1.3e-36   1.3e-36  120.2   0.0     2   201     1   187     1   187 0.86 -
2a_Phytophthora_sp._aff._meadii_KC875839         -            766 Phytophora_ITS_database_v0.001.fasta -            201   4.1e-37  121.8   0.1   1   1   4.1e-37   4.1e-37  121.8   0.1    15   201     1   165     1   165 0.85 -
2a_Phytophthora_sp._mekongensis_type3_KM501564   -            766 Phytophora_ITS_database_v0.001.fasta -            201   4.1e-37  121.8   0.1   1   1   4.1e-37   4.1e-37  121.8   0.1    15   201     1   165     1   165 0.85 -
8b_Phytophthora_primulae_KC478752                -            806 Phytophora_ITS_database_v0.001.fasta -            201   5.3e-37  121.4   4.0   1   1   3.8e-36   3.8e-36  118.6   0.0     1   201     1   189     1   189 0.85 -
10_Phytophthora_kernoviae_AY940661               -            813 Phytophora_ITS_database_v0.001.fasta -            201   1.1e-36  120.3   1.8   1   1   7.1e-36   7.1e-36  117.7   0.0     1   201     1   188     1   188 0.84 -
8b_Phytophthora_porri_KC478749                   -            805 Phytophora_ITS_database_v0.001.fasta -            201   1.4e-36  120.0   3.9   1   1   1.1e-35   1.1e-35  117.1   0.0     1   201     1   188     1   188 0.82 -
10_Phytophthora_gallica_DQ286726                 -            818 Phytophora_ITS_database_v0.001.fasta -            201     2e-36  119.5   4.1   1   1   5.8e-36   5.8e-36  118.0   0.0     1   201     1   210     1   210 0.79 -
10_Phytophthora_gallica_KF286894                 -            855 Phytophora_ITS_database_v0.001.fasta -            201   2.3e-36  119.4   4.0   1   1   6.2e-36   6.2e-36  117.9   0.0     1   201    38   247    38   247 0.79 -
10_Phytophthora_morindae_FJ469147                -            811 Phytophora_ITS_database_v0.001.fasta -            201   2.7e-35  115.8   2.2   1   1   1.3e-34   1.3e-34  113.6   0.0     1   201     1   188     1   188 0.83 -
2a_Phytophthora_sp._mekongensis_type1_KC875838   -            755 Phytophora_ITS_database_v0.001.fasta -            201   3.1e-35  115.7   0.1   1   1   3.1e-35   3.1e-35  115.7   0.1    15   201     1   166     1   166 0.89 -
10_Phytophthora_intercalaris_KT163268            -            848 Phytophora_ITS_database_v0.001.fasta -            201   2.4e-34  112.8   3.7   1   1   3.8e-34   3.8e-34  112.1   0.0     1   201     1   221     1   221 0.77 -
9_Phytophthora_chrysanthemi_AB437135             -            790 Phytophora_ITS_database_v0.001.fasta -            201   2.1e-33  109.7   0.0   1   1   2.1e-33   2.1e-33  109.7   0.0     1   201     1   185     1   185 0.83 -
9_Phytophthora_macilentosa_KF192700              -            772 Phytophora_ITS_database_v0.001.fasta -            201   4.7e-32  105.3  11.0   1   1   4.8e-32   4.8e-32  105.3   0.0     1   201     1   179     1   179 0.86 -
9_Phytophthora_parsiana_AY659736                 -            765 Phytophora_ITS_database_v0.001.fasta -            201     1e-31  104.3   3.1   1   1   2.3e-30   2.3e-30   99.9   0.0     1   201     1   169     1   169 0.86 -
9_Phytophthora_parsiana_AY659737                 -            768 Phytophora_ITS_database_v0.001.fasta -            201   1.1e-30  100.9   5.6   1   1   1.6e-29   1.6e-29   97.1   0.0     1   201     1   172     1   172 0.85 -
9_Phytophthora_taxon_umtamvuna_KC855181          -            744 Phytophora_ITS_database_v0.001.fasta -            201     3e-30   99.5   5.2   1   1   9.2e-30   9.2e-30   97.9   0.0     1   201     1   165     1   165 0.87 -
9a_Phytophthora_polonica_DQ396409                -            813 Phytophora_ITS_database_v0.001.fasta -            201   3.2e-30   99.4   0.0   1   1   3.2e-30   3.2e-30   99.4   0.0     1   201     1   197     1   197 0.86 -
9_Phytophthora_quininea_HQ261661                 -            795 Phytophora_ITS_database_v0.001.fasta -            201   9.2e-30   97.9   0.0   1   1   9.2e-30   9.2e-30   97.9   0.0     1   201     1   168     1   168 0.89 -
9b_Phytophthora_macrochlamydospora_KP070720      -            788 Phytophora_ITS_database_v0.001.fasta -            201   1.1e-29   97.6   0.0   1   1   1.1e-29   1.1e-29   97.6   0.0     1   201     1   170     1   170 0.89 -
_Phytophthora_fallax_Voucher_HQ261559            -            798 Phytophora_ITS_database_v0.001.fasta -            201   1.1e-29   97.6   4.5   1   1   4.1e-29   4.1e-29   95.8   0.0     1   201     1   191     1   191 0.82 -
9_Phytophthora_richardiae_AF271221               -            797 Phytophora_ITS_database_v0.001.fasta -            201   1.2e-29   97.5   0.0   1   1   1.2e-29   1.2e-29   97.5   0.0     1   201     1   169     1   169 0.89 -
9_Phytophthora_taxon_cuyabensis_FJ801995         -            749 Phytophora_ITS_database_v0.001.fasta -            201   2.5e-29   96.5   0.0   1   1   2.5e-29   2.5e-29   96.5   0.0     1   201     1   163     1   163 0.88 -
9_Phytophthora_hydrogena_KC249960                -            744 Phytophora_ITS_database_v0.001.fasta -            201   3.2e-29   96.1   7.8   1   1   1.4e-28   1.4e-28   94.1   0.0     1   201     1   165     1   165 0.87 -
9_Phytophthora_taxon_kunnunara_EF437222          -            744 Phytophora_ITS_database_v0.001.fasta -            201   3.6e-29   96.0   5.0   1   1   2.3e-28   2.3e-28   93.4   0.0     1   201     1   166     1   166 0.85 -
9_Phytophthora_aquimorbida_FJ666127              -            786 Phytophora_ITS_database_v0.001.fasta -            201   4.8e-29   95.6   0.0   1   1   4.8e-29   4.8e-29   95.6   0.0     1   201     1   180     1   180 0.78 -
9a_Phytophthora_fallax_DQ297391                  -            799 Phytophora_ITS_database_v0.001.fasta -            201   7.2e-29   95.0   4.7   1   1   2.3e-28   2.3e-28   93.4   0.0     1   201     1   191     1   191 0.82 -
9_Phytophthora_constricta_HQ013225               -            794 Phytophora_ITS_database_v0.001.fasta -            201   7.3e-29   95.0   5.5   1   1   9.5e-29   9.5e-29   94.6   0.0     1   201     1   189     1   189 0.82 -
9_Phytophthora_parsiana_AY659739                 -            768 Phytophora_ITS_database_v0.001.fasta -            201   8.5e-29   94.8   6.2   1   1   7.5e-28   7.5e-28   91.7   0.0     2   201     2   172     1   172 0.85 -
9a_Phytophthora_captiosa_DQ297402                -            799 Phytophora_ITS_database_v0.001.fasta -            201     1e-28   94.5   4.8   1   1   3.7e-28   3.7e-28   92.7   0.0     1   201     1   191     1   191 0.82 -
9_Phytophthora_virginiana_KC295544               -            745 Phytophora_ITS_database_v0.001.fasta -            201   1.8e-28   93.7   6.1   1   1   5.3e-28   5.3e-28   92.2   0.0     1   201     1   166     1   166 0.85 -
9a_Phytophthora_insolita_AF271222                -            816 Phytophora_ITS_database_v0.001.fasta -            201     2e-28   93.5   0.1   1   1     2e-28     2e-28   93.5   0.1     1   201     1   201     1   201 0.77 -
9_Phytophthora_irrigata_EU334634                 -           1090 Phytophora_ITS_database_v0.001.fasta -            201   1.2e-27   91.0   0.0   1   1   1.2e-27   1.2e-27   91.0   0.0     1   201   303   463   303   463 0.88 -
9_Phytophthora_hydropathica_HG934150             -            788 Phytophora_ITS_database_v0.001.fasta -            201   1.5e-27   90.7   4.6   1   1   8.5e-27   8.5e-27   88.3   0.0     4   201    19   183    16   183 0.85 -
10_Phytophthora_taxon_gondwanense_KP070696       -            793 Phytophora_ITS_database_v0.001.fasta -            201   2.2e-27   90.2   0.1   1   1   2.2e-27   2.2e-27   90.2   0.1    33   201     5   165     1   165 0.83 -
9_Phytophthora_hydropathica_KJ631555             -            736 Phytophora_ITS_database_v0.001.fasta -            201   1.3e-25   84.5   6.2   1   1   2.9e-25   2.9e-25   83.3   0.0    15   201     1   156     1   156 0.85 -
9a_Phytophthora_sp._prodigiosa_KC875840          -            801 Phytophora_ITS_database_v0.001.fasta -            201   7.8e-23   75.4   0.7   1   1   7.8e-23   7.8e-23   75.4   0.7    16   201     2   188     1   188 0.73 -
#
# Program:         hmmsearch
# Version:         3.1b1 (May 2013)
# Pipeline mode:   SEARCH
# Query file:      ./bin/Phytophora_ITS1_20171092.hmm
# Target file:     ./database_file/Phytophthora_FULL_LEN_DB_v0.002_20171213.fasta
# Option settings: hmmsearch --domtblout ./database_file/ITS1_hmm_domain_table.out --domE 1e-22 ./bin/Phytophora_ITS1_20171092.hmm ./database_file/Phytophthora_FULL_LEN_DB_v0.002_20171213.fasta 
# Current dir:     /mnt/shared/users/pt40963/public_scripts/generate_ITS1_database
# Date:            Wed Dec 13 15:57:45 2017
# [ok]
